This file contains any messages produced by compilers while
running configure, to aid debugging if configure makes a mistake.

It was created by mpc configure 0.22, which was
generated by GNU Autoconf 2.68.  Invocation command line was

  $ ./configure --prefix=/usr/local

## --------- ##
## Platform. ##
## --------- ##

hostname = localhost
uname -m = i686
uname -r = 3.5.7-gentoo
uname -s = Linux
uname -v = #7 SMP Mon Dec 24 17:31:47 EST 2012

/usr/bin/uname -p = Intel(R) Atom(TM) CPU N2600 @ 1.60GHz
/bin/uname -X     = unknown

/bin/arch              = unknown
/usr/bin/arch -k       = unknown
/usr/convex/getsysinfo = unknown
/usr/bin/hostinfo      = unknown
/bin/machine           = unknown
/usr/bin/oslevel       = unknown
/bin/universe          = unknown

PATH: /usr/local/bin
PATH: /usr/bin
PATH: /bin
PATH: /opt/bin
PATH: /usr/i686-pc-linux-gnu/gcc-bin/4.5.4
PATH: /sbin


## ----------- ##
## Core tests. ##
## ----------- ##

configure:2194: checking for a BSD-compatible install
configure:2262: result: /usr/bin/install -c
configure:2273: checking whether build environment is sane
configure:2323: result: yes
configure:2464: checking for a thread-safe mkdir -p
configure:2503: result: /bin/mkdir -p
configure:2516: checking for gawk
configure:2532: found /usr/bin/gawk
configure:2543: result: gawk
configure:2554: checking whether make sets $(MAKE)
configure:2576: result: yes
configure:2673: checking for style of include used by make
configure:2701: result: GNU
configure:2771: checking for gcc
configure:2787: found /usr/bin/gcc
configure:2798: result: gcc
configure:3027: checking for C compiler version
configure:3036: gcc --version >&5
gcc (Gentoo 4.5.4 p1.0, pie-0.4.7) 4.5.4
Copyright (C) 2010 Free Software Foundation, Inc.
This is free software; see the source for copying conditions.  There is NO
warranty; not even for MERCHANTABILITY or FITNESS FOR A PARTICULAR PURPOSE.

configure:3047: $? = 0
configure:3036: gcc -v >&5
Using built-in specs.
COLLECT_GCC=/usr/i686-pc-linux-gnu/gcc-bin/4.5.4/gcc
COLLECT_LTO_WRAPPER=/usr/libexec/gcc/i686-pc-linux-gnu/4.5.4/lto-wrapper
Target: i686-pc-linux-gnu
Configured with: /var/tmp/portage/sys-devel/gcc-4.5.4/work/gcc-4.5.4/configure --prefix=/usr --bindir=/usr/i686-pc-linux-gnu/gcc-bin/4.5.4 --includedir=/usr/lib/gcc/i686-pc-linux-gnu/4.5.4/include --datadir=/usr/share/gcc-data/i686-pc-linux-gnu/4.5.4 --mandir=/usr/share/gcc-data/i686-pc-linux-gnu/4.5.4/man --infodir=/usr/share/gcc-data/i686-pc-linux-gnu/4.5.4/info --with-gxx-include-dir=/usr/lib/gcc/i686-pc-linux-gnu/4.5.4/include/g++-v4 --host=i686-pc-linux-gnu --build=i686-pc-linux-gnu --disable-altivec --disable-fixed-point --without-ppl --without-cloog --disable-lto --enable-nls --without-included-gettext --with-system-zlib --enable-obsolete --disable-werror --enable-secureplt --disable-multilib --enable-libmudflap --disable-libssp --enable-libgomp --with-python-dir=/share/gcc-data/i686-pc-linux-gnu/4.5.4/python --enable-checking=release --disable-libgcj --with-arch=i686 --enable-languages=c,c++,fortran --enable-shared --enable-threads=posix --enable-__cxa_atexit --enable-clocale=gnu --enable-targets=all --with-bugurl=http://bugs.gentoo.org/ --with-pkgversion='Gentoo 4.5.4 p1.0, pie-0.4.7'
Thread model: posix
gcc version 4.5.4 (Gentoo 4.5.4 p1.0, pie-0.4.7) 
configure:3047: $? = 0
configure:3036: gcc -V >&5
gcc: '-V' option must have argument
configure:3047: $? = 1
configure:3036: gcc -qversion >&5
gcc: unrecognized option '-qversion'
gcc: no input files
configure:3047: $? = 1
configure:3067: checking whether the C compiler works
configure:3089: gcc    conftest.c  >&5
configure:3093: $? = 0
configure:3141: result: yes
configure:3144: checking for C compiler default output file name
configure:3146: result: a.out
configure:3152: checking for suffix of executables
configure:3159: gcc -o conftest    conftest.c  >&5
configure:3163: $? = 0
configure:3185: result: 
configure:3207: checking whether we are cross compiling
configure:3215: gcc -o conftest    conftest.c  >&5
configure:3219: $? = 0
configure:3226: ./conftest
configure:3230: $? = 0
configure:3245: result: no
configure:3250: checking for suffix of object files
configure:3272: gcc -c   conftest.c >&5
configure:3276: $? = 0
configure:3297: result: o
configure:3301: checking whether we are using the GNU C compiler
configure:3320: gcc -c   conftest.c >&5
configure:3320: $? = 0
configure:3329: result: yes
configure:3338: checking whether gcc accepts -g
configure:3358: gcc -c -g  conftest.c >&5
configure:3358: $? = 0
configure:3399: result: yes
configure:3416: checking for gcc option to accept ISO C89
configure:3480: gcc  -c -g -O2  conftest.c >&5
configure:3480: $? = 0
configure:3493: result: none needed
configure:3515: checking dependency style of gcc
configure:3625: result: gcc3
configure:3640: checking for gcc option to accept ISO C99
configure:3789: gcc  -c -g -O2  conftest.c >&5
conftest.c:61:29: error: expected ';', ',' or ')' before 'text'
conftest.c: In function 'main':
conftest.c:115:18: error: expected '=', ',', ';', 'asm' or '__attribute__' before 'newvar'
conftest.c:115:18: error: 'newvar' undeclared (first use in this function)
conftest.c:115:18: note: each undeclared identifier is reported only once for each function it appears in
conftest.c:125:3: error: 'for' loop initial declarations are only allowed in C99 mode
conftest.c:125:3: note: use option -std=c99 or -std=gnu99 to compile your code
configure:3789: $? = 1
configure: failed program was:
| /* confdefs.h */
| #define PACKAGE_NAME "mpc"
| #define PACKAGE_TARNAME "mpc"
| #define PACKAGE_VERSION "0.22"
| #define PACKAGE_STRING "mpc 0.22"
| #define PACKAGE_BUGREPORT "musicpd-dev-team@lists.sourceforge.net"
| #define PACKAGE_URL ""
| #define PACKAGE "mpc"
| #define VERSION "0.22"
| /* end confdefs.h.  */
| #include <stdarg.h>
| #include <stdbool.h>
| #include <stdlib.h>
| #include <wchar.h>
| #include <stdio.h>
| 
| // Check varargs macros.  These examples are taken from C99 6.10.3.5.
| #define debug(...) fprintf (stderr, __VA_ARGS__)
| #define showlist(...) puts (#__VA_ARGS__)
| #define report(test,...) ((test) ? puts (#test) : printf (__VA_ARGS__))
| static void
| test_varargs_macros (void)
| {
|   int x = 1234;
|   int y = 5678;
|   debug ("Flag");
|   debug ("X = %d\n", x);
|   showlist (The first, second, and third items.);
|   report (x>y, "x is %d but y is %d", x, y);
| }
| 
| // Check long long types.
| #define BIG64 18446744073709551615ull
| #define BIG32 4294967295ul
| #define BIG_OK (BIG64 / BIG32 == 4294967297ull && BIG64 % BIG32 == 0)
| #if !BIG_OK
|   your preprocessor is broken;
| #endif
| #if BIG_OK
| #else
|   your preprocessor is broken;
| #endif
| static long long int bignum = -9223372036854775807LL;
| static unsigned long long int ubignum = BIG64;
| 
| struct incomplete_array
| {
|   int datasize;
|   double data[];
| };
| 
| struct named_init {
|   int number;
|   const wchar_t *name;
|   double average;
| };
| 
| typedef const char *ccp;
| 
| static inline int
| test_restrict (ccp restrict text)
| {
|   // See if C++-style comments work.
|   // Iterate through items via the restricted pointer.
|   // Also check for declarations in for loops.
|   for (unsigned int i = 0; *(text+i) != '\0'; ++i)
|     continue;
|   return 0;
| }
| 
| // Check varargs and va_copy.
| static void
| test_varargs (const char *format, ...)
| {
|   va_list args;
|   va_start (args, format);
|   va_list args_copy;
|   va_copy (args_copy, args);
| 
|   const char *str;
|   int number;
|   float fnumber;
| 
|   while (*format)
|     {
|       switch (*format++)
| 	{
| 	case 's': // string
| 	  str = va_arg (args_copy, const char *);
| 	  break;
| 	case 'd': // int
| 	  number = va_arg (args_copy, int);
| 	  break;
| 	case 'f': // float
| 	  fnumber = va_arg (args_copy, double);
| 	  break;
| 	default:
| 	  break;
| 	}
|     }
|   va_end (args_copy);
|   va_end (args);
| }
| 
| int
| main ()
| {
| 
|   // Check bool.
|   _Bool success = false;
| 
|   // Check restrict.
|   if (test_restrict ("String literal") == 0)
|     success = true;
|   char *restrict newvar = "Another string";
| 
|   // Check varargs.
|   test_varargs ("s, d' f .", "string", 65, 34.234);
|   test_varargs_macros ();
| 
|   // Check flexible array members.
|   struct incomplete_array *ia =
|     malloc (sizeof (struct incomplete_array) + (sizeof (double) * 10));
|   ia->datasize = 10;
|   for (int i = 0; i < ia->datasize; ++i)
|     ia->data[i] = i * 1.234;
| 
|   // Check named initializers.
|   struct named_init ni = {
|     .number = 34,
|     .name = L"Test wide string",
|     .average = 543.34343,
|   };
| 
|   ni.number = 58;
| 
|   int dynamic_array[ni.number];
|   dynamic_array[ni.number - 1] = 543;
| 
|   // work around unused variable warnings
|   return (!success || bignum == 0LL || ubignum == 0uLL || newvar[0] == 'x'
| 	  || dynamic_array[ni.number - 1] != 543);
| 
|   ;
|   return 0;
| }
configure:3789: gcc -std=gnu99 -c -g -O2  conftest.c >&5
configure:3789: $? = 0
configure:3809: result: -std=gnu99
configure:3818: checking whether make sets $(MAKE)
configure:3840: result: yes
configure:3903: checking for pkg-config
configure:3921: found /usr/bin/pkg-config
configure:3933: result: /usr/bin/pkg-config
configure:3958: checking pkg-config is at least version 0.9.0
configure:3961: result: yes
configure:4029: checking for socket in -lsocket
configure:4054: gcc -std=gnu99 -o conftest -g -O2   conftest.c -lsocket   >&5
/usr/lib/gcc/i686-pc-linux-gnu/4.5.4/../../../../i686-pc-linux-gnu/bin/ld: cannot find -lsocket
collect2: ld returned 1 exit status
configure:4054: $? = 1
configure: failed program was:
| /* confdefs.h */
| #define PACKAGE_NAME "mpc"
| #define PACKAGE_TARNAME "mpc"
| #define PACKAGE_VERSION "0.22"
| #define PACKAGE_STRING "mpc 0.22"
| #define PACKAGE_BUGREPORT "musicpd-dev-team@lists.sourceforge.net"
| #define PACKAGE_URL ""
| #define PACKAGE "mpc"
| #define VERSION "0.22"
| /* end confdefs.h.  */
| 
| /* Override any GCC internal prototype to avoid an error.
|    Use char because int might match the return type of a GCC
|    builtin and then its argument prototype would still apply.  */
| #ifdef __cplusplus
| extern "C"
| #endif
| char socket ();
| int
| main ()
| {
| return socket ();
|   ;
|   return 0;
| }
configure:4063: result: no
configure:4069: checking for gethostbyname in -lnsl
configure:4094: gcc -std=gnu99 -o conftest -g -O2   conftest.c -lnsl   >&5
configure:4094: $? = 0
configure:4103: result: yes
configure:4112: checking for LIBMPDCLIENT
configure:4119: $PKG_CONFIG --exists --print-errors "libmpdclient >= 2.2"
configure:4122: $? = 0
configure:4136: $PKG_CONFIG --exists --print-errors "libmpdclient >= 2.2"
configure:4139: $? = 0
configure:4177: result: yes
configure:4193: checking for iconv
configure:4193: gcc -std=gnu99 -o conftest -g -O2   conftest.c  >&5
configure:4193: $? = 0
configure:4193: result: yes
configure:4245: checking for nl_langinfo and CODESET
configure:4261: gcc -std=gnu99 -o conftest -g -O2   conftest.c  >&5
configure:4261: $? = 0
configure:4270: result: yes
configure:4291: checking how to run the C preprocessor
configure:4322: gcc -std=gnu99 -E  conftest.c
configure:4322: $? = 0
configure:4336: gcc -std=gnu99 -E  conftest.c
conftest.c:12:28: fatal error: ac_nonexistent.h: No such file or directory
compilation terminated.
configure:4336: $? = 1
configure: failed program was:
| /* confdefs.h */
| #define PACKAGE_NAME "mpc"
| #define PACKAGE_TARNAME "mpc"
| #define PACKAGE_VERSION "0.22"
| #define PACKAGE_STRING "mpc 0.22"
| #define PACKAGE_BUGREPORT "musicpd-dev-team@lists.sourceforge.net"
| #define PACKAGE_URL ""
| #define PACKAGE "mpc"
| #define VERSION "0.22"
| #define HAVE_LANGINFO_CODESET 1
| /* end confdefs.h.  */
| #include <ac_nonexistent.h>
configure:4361: result: gcc -std=gnu99 -E
configure:4381: gcc -std=gnu99 -E  conftest.c
configure:4381: $? = 0
configure:4395: gcc -std=gnu99 -E  conftest.c
conftest.c:12:28: fatal error: ac_nonexistent.h: No such file or directory
compilation terminated.
configure:4395: $? = 1
configure: failed program was:
| /* confdefs.h */
| #define PACKAGE_NAME "mpc"
| #define PACKAGE_TARNAME "mpc"
| #define PACKAGE_VERSION "0.22"
| #define PACKAGE_STRING "mpc 0.22"
| #define PACKAGE_BUGREPORT "musicpd-dev-team@lists.sourceforge.net"
| #define PACKAGE_URL ""
| #define PACKAGE "mpc"
| #define VERSION "0.22"
| #define HAVE_LANGINFO_CODESET 1
| /* end confdefs.h.  */
| #include <ac_nonexistent.h>
configure:4424: checking for grep that handles long lines and -e
configure:4482: result: /bin/grep
configure:4487: checking for egrep
configure:4549: result: /bin/grep -E
configure:4554: checking for ANSI C header files
configure:4574: gcc -std=gnu99 -c -g -O2  conftest.c >&5
configure:4574: $? = 0
configure:4647: gcc -std=gnu99 -o conftest -g -O2   conftest.c  >&5
configure:4647: $? = 0
configure:4647: ./conftest
configure:4647: $? = 0
configure:4658: result: yes
configure:4671: checking for sys/types.h
configure:4671: gcc -std=gnu99 -c -g -O2  conftest.c >&5
configure:4671: $? = 0
configure:4671: result: yes
configure:4671: checking for sys/stat.h
configure:4671: gcc -std=gnu99 -c -g -O2  conftest.c >&5
configure:4671: $? = 0
configure:4671: result: yes
configure:4671: checking for stdlib.h
configure:4671: gcc -std=gnu99 -c -g -O2  conftest.c >&5
configure:4671: $? = 0
configure:4671: result: yes
configure:4671: checking for string.h
configure:4671: gcc -std=gnu99 -c -g -O2  conftest.c >&5
configure:4671: $? = 0
configure:4671: result: yes
configure:4671: checking for memory.h
configure:4671: gcc -std=gnu99 -c -g -O2  conftest.c >&5
configure:4671: $? = 0
configure:4671: result: yes
configure:4671: checking for strings.h
configure:4671: gcc -std=gnu99 -c -g -O2  conftest.c >&5
configure:4671: $? = 0
configure:4671: result: yes
configure:4671: checking for inttypes.h
configure:4671: gcc -std=gnu99 -c -g -O2  conftest.c >&5
configure:4671: $? = 0
configure:4671: result: yes
configure:4671: checking for stdint.h
configure:4671: gcc -std=gnu99 -c -g -O2  conftest.c >&5
configure:4671: $? = 0
configure:4671: result: yes
configure:4671: checking for unistd.h
configure:4671: gcc -std=gnu99 -c -g -O2  conftest.c >&5
configure:4671: $? = 0
configure:4671: result: yes
configure:4683: checking locale.h usability
configure:4683: gcc -std=gnu99 -c -g -O2  conftest.c >&5
configure:4683: $? = 0
configure:4683: result: yes
configure:4683: checking locale.h presence
configure:4683: gcc -std=gnu99 -E  conftest.c
configure:4683: $? = 0
configure:4683: result: yes
configure:4683: checking for locale.h
configure:4683: result: yes
configure:4722: checking whether C compiler accepts -Wall
configure:4741: gcc -std=gnu99 -c -g -O2  -Wall  conftest.c >&5
configure:4741: $? = 0
configure:4750: result: yes
configure:4763: : CFLAGS="$CFLAGS $flag"
configure:4766: $? = 0
configure:4783: checking whether C compiler accepts -Wextra
configure:4802: gcc -std=gnu99 -c -g -O2 -Wall  -Wextra  conftest.c >&5
configure:4802: $? = 0
configure:4811: result: yes
configure:4824: : CFLAGS="$CFLAGS $flag"
configure:4827: $? = 0
configure:4844: checking whether C compiler accepts -Wno-deprecated-declarations
configure:4863: gcc -std=gnu99 -c -g -O2 -Wall -Wextra  -Wno-deprecated-declarations  conftest.c >&5
configure:4863: $? = 0
configure:4872: result: yes
configure:4885: : CFLAGS="$CFLAGS $flag"
configure:4888: $? = 0
configure:4905: checking whether C compiler accepts -Wmissing-prototypes
configure:4924: gcc -std=gnu99 -c -g -O2 -Wall -Wextra -Wno-deprecated-declarations  -Wmissing-prototypes  conftest.c >&5
configure:4924: $? = 0
configure:4933: result: yes
configure:4946: : CFLAGS="$CFLAGS $flag"
configure:4949: $? = 0
configure:4966: checking whether C compiler accepts -Wshadow
configure:4985: gcc -std=gnu99 -c -g -O2 -Wall -Wextra -Wno-deprecated-declarations -Wmissing-prototypes  -Wshadow  conftest.c >&5
configure:4985: $? = 0
configure:4994: result: yes
configure:5007: : CFLAGS="$CFLAGS $flag"
configure:5010: $? = 0
configure:5027: checking whether C compiler accepts -Wpointer-arith
configure:5046: gcc -std=gnu99 -c -g -O2 -Wall -Wextra -Wno-deprecated-declarations -Wmissing-prototypes -Wshadow  -Wpointer-arith  conftest.c >&5
configure:5046: $? = 0
configure:5055: result: yes
configure:5068: : CFLAGS="$CFLAGS $flag"
configure:5071: $? = 0
configure:5088: checking whether C compiler accepts -Wstrict-prototypes
configure:5107: gcc -std=gnu99 -c -g -O2 -Wall -Wextra -Wno-deprecated-declarations -Wmissing-prototypes -Wshadow -Wpointer-arith  -Wstrict-prototypes  conftest.c >&5
conftest.c:25:1: warning: function declaration isn't a prototype
configure:5107: $? = 0
configure:5116: result: yes
configure:5129: : CFLAGS="$CFLAGS $flag"
configure:5132: $? = 0
configure:5149: checking whether C compiler accepts -Wcast-qual
configure:5168: gcc -std=gnu99 -c -g -O2 -Wall -Wextra -Wno-deprecated-declarations -Wmissing-prototypes -Wshadow -Wpointer-arith -Wstrict-prototypes  -Wcast-qual  conftest.c >&5
conftest.c:25:1: warning: function declaration isn't a prototype
configure:5168: $? = 0
configure:5177: result: yes
configure:5190: : CFLAGS="$CFLAGS $flag"
configure:5193: $? = 0
configure:5210: checking whether C compiler accepts -Wwrite-strings
configure:5229: gcc -std=gnu99 -c -g -O2 -Wall -Wextra -Wno-deprecated-declarations -Wmissing-prototypes -Wshadow -Wpointer-arith -Wstrict-prototypes -Wcast-qual  -Wwrite-strings  conftest.c >&5
conftest.c:25:1: warning: function declaration isn't a prototype
configure:5229: $? = 0
configure:5238: result: yes
configure:5251: : CFLAGS="$CFLAGS $flag"
configure:5254: $? = 0
configure:5434: creating ./config.status

## ---------------------- ##
## Running config.status. ##
## ---------------------- ##

This file was extended by mpc config.status 0.22, which was
generated by GNU Autoconf 2.68.  Invocation command line was

  CONFIG_FILES    = 
  CONFIG_HEADERS  = 
  CONFIG_LINKS    = 
  CONFIG_COMMANDS = 
  $ ./config.status 

on localhost

config.status:873: creating Makefile
config.status:873: creating config.h
config.status:1102: executing depfiles commands

## ---------------- ##
## Cache variables. ##
## ---------------- ##

ac_cv_c_compiler_gnu=yes
ac_cv_env_CC_set=
ac_cv_env_CC_value=
ac_cv_env_CFLAGS_set=
ac_cv_env_CFLAGS_value=
ac_cv_env_CPPFLAGS_set=
ac_cv_env_CPPFLAGS_value=
ac_cv_env_CPP_set=
ac_cv_env_CPP_value=
ac_cv_env_LDFLAGS_set=
ac_cv_env_LDFLAGS_value=
ac_cv_env_LIBMPDCLIENT_CFLAGS_set=
ac_cv_env_LIBMPDCLIENT_CFLAGS_value=
ac_cv_env_LIBMPDCLIENT_LIBS_set=
ac_cv_env_LIBMPDCLIENT_LIBS_value=
ac_cv_env_LIBS_set=
ac_cv_env_LIBS_value=
ac_cv_env_PKG_CONFIG_LIBDIR_set=
ac_cv_env_PKG_CONFIG_LIBDIR_value=
ac_cv_env_PKG_CONFIG_PATH_set=set
ac_cv_env_PKG_CONFIG_PATH_value=/usr/local/lib/pkgconfig:/opt/opencv/lib/pkgconfig
ac_cv_env_PKG_CONFIG_set=
ac_cv_env_PKG_CONFIG_value=
ac_cv_env_build_alias_set=
ac_cv_env_build_alias_value=
ac_cv_env_host_alias_set=
ac_cv_env_host_alias_value=
ac_cv_env_target_alias_set=
ac_cv_env_target_alias_value=
ac_cv_func_iconv=yes
ac_cv_header_inttypes_h=yes
ac_cv_header_locale_h=yes
ac_cv_header_memory_h=yes
ac_cv_header_stdc=yes
ac_cv_header_stdint_h=yes
ac_cv_header_stdlib_h=yes
ac_cv_header_string_h=yes
ac_cv_header_strings_h=yes
ac_cv_header_sys_stat_h=yes
ac_cv_header_sys_types_h=yes
ac_cv_header_unistd_h=yes
ac_cv_lib_nsl_gethostbyname=yes
ac_cv_lib_socket_socket=no
ac_cv_objext=o
ac_cv_path_EGREP='/bin/grep -E'
ac_cv_path_GREP=/bin/grep
ac_cv_path_ac_pt_PKG_CONFIG=/usr/bin/pkg-config
ac_cv_path_install='/usr/bin/install -c'
ac_cv_path_mkdir=/bin/mkdir
ac_cv_prog_AWK=gawk
ac_cv_prog_CPP='gcc -std=gnu99 -E'
ac_cv_prog_ac_ct_CC=gcc
ac_cv_prog_cc_c89=
ac_cv_prog_cc_c99=-std=gnu99
ac_cv_prog_cc_g=yes
ac_cv_prog_make_make_set=yes
am_cv_CC_dependencies_compiler_type=gcc3
am_cv_langinfo_codeset=yes
ax_cv_check_cflags___Wall=yes
ax_cv_check_cflags___Wcast_qual=yes
ax_cv_check_cflags___Wextra=yes
ax_cv_check_cflags___Wmissing_prototypes=yes
ax_cv_check_cflags___Wno_deprecated_declarations=yes
ax_cv_check_cflags___Wpointer_arith=yes
ax_cv_check_cflags___Wshadow=yes
ax_cv_check_cflags___Wstrict_prototypes=yes
ax_cv_check_cflags___Wwrite_strings=yes
pkg_cv_LIBMPDCLIENT_CFLAGS=' '
pkg_cv_LIBMPDCLIENT_LIBS='-lmpdclient  '

## ----------------- ##
## Output variables. ##
## ----------------- ##

ACLOCAL='${SHELL} /home/ted/Software/Source/mpc/mpc-0.22/missing --run aclocal-1.11'
AMDEPBACKSLASH='\'
AMDEP_FALSE='#'
AMDEP_TRUE=''
AMTAR='${SHELL} /home/ted/Software/Source/mpc/mpc-0.22/missing --run tar'
AM_CFLAGS=''
AM_CPPFLAGS=' -DNDEBUG'
AUTOCONF='${SHELL} /home/ted/Software/Source/mpc/mpc-0.22/missing --run autoconf'
AUTOHEADER='${SHELL} /home/ted/Software/Source/mpc/mpc-0.22/missing --run autoheader'
AUTOMAKE='${SHELL} /home/ted/Software/Source/mpc/mpc-0.22/missing --run automake-1.11'
AWK='gawk'
CC='gcc -std=gnu99'
CCDEPMODE='depmode=gcc3'
CFLAGS='-g -O2 -Wall -Wextra -Wno-deprecated-declarations -Wmissing-prototypes -Wshadow -Wpointer-arith -Wstrict-prototypes -Wcast-qual -Wwrite-strings'
CPP='gcc -std=gnu99 -E'
CPPFLAGS=''
CYGPATH_W='echo'
DEFS='-DHAVE_CONFIG_H'
DEPDIR='.deps'
ECHO_C=''
ECHO_N='-n'
ECHO_T=''
EGREP='/bin/grep -E'
EXEEXT=''
GREP='/bin/grep'
HAVE_ICONV_FALSE='#'
HAVE_ICONV_TRUE=''
ICONV_CPPFLAGS=''
ICONV_LIBS=''
INSTALL_DATA='${INSTALL} -m 644'
INSTALL_PROGRAM='${INSTALL}'
INSTALL_SCRIPT='${INSTALL}'
INSTALL_STRIP_PROGRAM='$(install_sh) -c -s'
LDFLAGS=''
LIBMPDCLIENT_CFLAGS=' '
LIBMPDCLIENT_LIBS='-lmpdclient  '
LIBOBJS=''
LIBS=''
LTLIBOBJS=''
MAKEINFO='${SHELL} /home/ted/Software/Source/mpc/mpc-0.22/missing --run makeinfo'
MKDIR_P='/bin/mkdir -p'
MPC_LIBS=' -lnsl'
OBJEXT='o'
PACKAGE='mpc'
PACKAGE_BUGREPORT='musicpd-dev-team@lists.sourceforge.net'
PACKAGE_NAME='mpc'
PACKAGE_STRING='mpc 0.22'
PACKAGE_TARNAME='mpc'
PACKAGE_URL=''
PACKAGE_VERSION='0.22'
PATH_SEPARATOR=':'
PKG_CONFIG='/usr/bin/pkg-config'
PKG_CONFIG_LIBDIR=''
PKG_CONFIG_PATH='/usr/local/lib/pkgconfig:/opt/opencv/lib/pkgconfig'
SET_MAKE=''
SHELL='/bin/sh'
STRIP=''
VERSION='0.22'
ac_ct_CC='gcc'
am__EXEEXT_FALSE=''
am__EXEEXT_TRUE='#'
am__fastdepCC_FALSE='#'
am__fastdepCC_TRUE=''
am__include='include'
am__isrc=''
am__leading_dot='.'
am__quote=''
am__tar='${AMTAR} chof - "$$tardir"'
am__untar='${AMTAR} xf -'
bindir='${exec_prefix}/bin'
build_alias=''
datadir='${datarootdir}'
datarootdir='${prefix}/share'
docdir='${datarootdir}/doc/${PACKAGE_TARNAME}'
dvidir='${docdir}'
exec_prefix='${prefix}'
host_alias=''
htmldir='${docdir}'
includedir='${prefix}/include'
infodir='${datarootdir}/info'
install_sh='${SHELL} /home/ted/Software/Source/mpc/mpc-0.22/install-sh'
libdir='${exec_prefix}/lib'
libexecdir='${exec_prefix}/libexec'
localedir='${datarootdir}/locale'
localstatedir='${prefix}/var'
mandir='${datarootdir}/man'
mkdir_p='/bin/mkdir -p'
oldincludedir='/usr/include'
pdfdir='${docdir}'
prefix='/usr/local'
program_transform_name='s,x,x,'
psdir='${docdir}'
sbindir='${exec_prefix}/sbin'
sharedstatedir='${prefix}/com'
sysconfdir='${prefix}/etc'
target_alias=''

## ----------- ##
## confdefs.h. ##
## ----------- ##

/* confdefs.h */
#define PACKAGE_NAME "mpc"
#define PACKAGE_TARNAME "mpc"
#define PACKAGE_VERSION "0.22"
#define PACKAGE_STRING "mpc 0.22"
#define PACKAGE_BUGREPORT "musicpd-dev-team@lists.sourceforge.net"
#define PACKAGE_URL ""
#define PACKAGE "mpc"
#define VERSION "0.22"
#define HAVE_LANGINFO_CODESET 1
#define STDC_HEADERS 1
#define HAVE_SYS_TYPES_H 1
#define HAVE_SYS_STAT_H 1
#define HAVE_STDLIB_H 1
#define HAVE_STRING_H 1
#define HAVE_MEMORY_H 1
#define HAVE_STRINGS_H 1
#define HAVE_INTTYPES_H 1
#define HAVE_STDINT_H 1
#define HAVE_UNISTD_H 1
#define HAVE_ICONV 1

configure: exit 0
